
> frontend-xyz@0.0.0 build-storybook
> storybook build --output-dir=/var/folders/3q/9fwmthss6c574dwb57ty4rv80000gn/T/chromatic--53502-qpuJA4Pk0CuH

@storybook/core v8.3.2

info => Cleaning outputDir: ../../../../../var/folders/3q/9fwmthss6c574dwb57ty4rv80000gn/T/chromatic--53502-qpuJA4Pk0CuH
info => Loading presets
info => Building manager..
info => Manager built (103 ms)
info => Building preview..
info Using tsconfig paths for react-docgen
[36mvite v5.4.2 [32mbuilding for production...[36m[39m
transforming...
[32m✓[39m 630 modules transformed.
rendering chunks...
computing gzip size...
[2m../../../../../var/folders/3q/9fwmthss6c574dwb57ty4rv80000gn/T/chromatic--53502-qpuJA4Pk0CuH/[22m[2massets/[22m[32mcontext-C0qIqeS4.png               [39m[1m[2m  6.12 kB[22m[1m[22m
[2m../../../../../var/folders/3q/9fwmthss6c574dwb57ty4rv80000gn/T/chromatic--53502-qpuJA4Pk0CuH/[22m[2massets/[22m[32mstyling-Bk6zjRzU.png               [39m[1m[2m  7.24 kB[22m[1m[22m
[2m../../../../../var/folders/3q/9fwmthss6c574dwb57ty4rv80000gn/T/chromatic--53502-qpuJA4Pk0CuH/[22m[32miframe.html                               [39m[1m[2m 16.32 kB[22m[1m[22m[2m │ gzip:   4.45 kB[22m
[2m../../../../../var/folders/3q/9fwmthss6c574dwb57ty4rv80000gn/T/chromatic--53502-qpuJA4Pk0CuH/[22m[2massets/[22m[32mdocs---vsFbMi.png                  [39m[1m[2m 27.88 kB[22m[1m[22m
[2m../../../../../var/folders/3q/9fwmthss6c574dwb57ty4rv80000gn/T/chromatic--53502-qpuJA4Pk0CuH/[22m[2massets/[22m[32mshare-DGA-UcQf.png                 [39m[1m[2m 40.77 kB[22m[1m[22m
[2m../../../../../var/folders/3q/9fwmthss6c574dwb57ty4rv80000gn/T/chromatic--53502-qpuJA4Pk0CuH/[22m[2massets/[22m[32maccessibility-W_h2acOZ.png         [39m[1m[2m 42.34 kB[22m[1m[22m
[2m../../../../../var/folders/3q/9fwmthss6c574dwb57ty4rv80000gn/T/chromatic--53502-qpuJA4Pk0CuH/[22m[2massets/[22m[32mfigma-plugin-CH2hELiO.png          [39m[1m[2m 44.25 kB[22m[1m[22m
[2m../../../../../var/folders/3q/9fwmthss6c574dwb57ty4rv80000gn/T/chromatic--53502-qpuJA4Pk0CuH/[22m[2massets/[22m[32mtheming-D6WJLNoW.png               [39m[1m[2m 44.37 kB[22m[1m[22m
[2m../../../../../var/folders/3q/9fwmthss6c574dwb57ty4rv80000gn/T/chromatic--53502-qpuJA4Pk0CuH/[22m[2massets/[22m[32mtesting-cbzR9l9r.png               [39m[1m[2m 49.31 kB[22m[1m[22m
[2m../../../../../var/folders/3q/9fwmthss6c574dwb57ty4rv80000gn/T/chromatic--53502-qpuJA4Pk0CuH/[22m[2massets/[22m[32maddon-library-BWUCAmyN.png         [39m[1m[2m467.37 kB[22m[1m[22m
[2m../../../../../var/folders/3q/9fwmthss6c574dwb57ty4rv80000gn/T/chromatic--53502-qpuJA4Pk0CuH/[22m[2massets/[22m[35mHeader-tWfiZmkm.css                [39m[1m[2m  0.51 kB[22m[1m[22m[2m │ gzip:   0.30 kB[22m
[2m../../../../../var/folders/3q/9fwmthss6c574dwb57ty4rv80000gn/T/chromatic--53502-qpuJA4Pk0CuH/[22m[2massets/[22m[35mButton-4LVTDbbU.css                [39m[1m[2m  0.52 kB[22m[1m[22m[2m │ gzip:   0.29 kB[22m
[2m../../../../../var/folders/3q/9fwmthss6c574dwb57ty4rv80000gn/T/chromatic--53502-qpuJA4Pk0CuH/[22m[2massets/[22m[35mPage-DNBJNpcz.css                  [39m[1m[2m  0.93 kB[22m[1m[22m[2m │ gzip:   0.40 kB[22m
[2m../../../../../var/folders/3q/9fwmthss6c574dwb57ty4rv80000gn/T/chromatic--53502-qpuJA4Pk0CuH/[22m[2massets/[22m[36mpreview-CIRcjyVj.js                [39m[1m[2m  0.11 kB[22m[1m[22m[2m │ gzip:   0.11 kB[22m
[2m../../../../../var/folders/3q/9fwmthss6c574dwb57ty4rv80000gn/T/chromatic--53502-qpuJA4Pk0CuH/[22m[2massets/[22m[36mpreview-CCG-jbtS.js                [39m[1m[2m  0.16 kB[22m[1m[22m[2m │ gzip:   0.16 kB[22m
[2m../../../../../var/folders/3q/9fwmthss6c574dwb57ty4rv80000gn/T/chromatic--53502-qpuJA4Pk0CuH/[22m[2massets/[22m[36mpreview-DFmD0pui.js                [39m[1m[2m  0.17 kB[22m[1m[22m[2m │ gzip:   0.15 kB[22m
[2m../../../../../var/folders/3q/9fwmthss6c574dwb57ty4rv80000gn/T/chromatic--53502-qpuJA4Pk0CuH/[22m[2massets/[22m[36mindex-BrnU7xv7.js                  [39m[1m[2m  0.42 kB[22m[1m[22m[2m │ gzip:   0.27 kB[22m
[2m../../../../../var/folders/3q/9fwmthss6c574dwb57ty4rv80000gn/T/chromatic--53502-qpuJA4Pk0CuH/[22m[2massets/[22m[36mchunk-H6MOWX77-DTQOW814.js         [39m[1m[2m  0.60 kB[22m[1m[22m[2m │ gzip:   0.37 kB[22m
[2m../../../../../var/folders/3q/9fwmthss6c574dwb57ty4rv80000gn/T/chromatic--53502-qpuJA4Pk0CuH/[22m[2massets/[22m[36mpreview-BhhEZcNS.js                [39m[1m[2m  0.64 kB[22m[1m[22m[2m │ gzip:   0.45 kB[22m
[2m../../../../../var/folders/3q/9fwmthss6c574dwb57ty4rv80000gn/T/chromatic--53502-qpuJA4Pk0CuH/[22m[2massets/[22m[36mpreview-DGUiP6tS.js                [39m[1m[2m  0.71 kB[22m[1m[22m[2m │ gzip:   0.50 kB[22m
[2m../../../../../var/folders/3q/9fwmthss6c574dwb57ty4rv80000gn/T/chromatic--53502-qpuJA4Pk0CuH/[22m[2massets/[22m[36mindex-DrFu-skq.js                  [39m[1m[2m  0.77 kB[22m[1m[22m[2m │ gzip:   0.47 kB[22m
[2m../../../../../var/folders/3q/9fwmthss6c574dwb57ty4rv80000gn/T/chromatic--53502-qpuJA4Pk0CuH/[22m[2massets/[22m[36mreact-18-BsJejteH.js               [39m[1m[2m  0.80 kB[22m[1m[22m[2m │ gzip:   0.47 kB[22m
[2m../../../../../var/folders/3q/9fwmthss6c574dwb57ty4rv80000gn/T/chromatic--53502-qpuJA4Pk0CuH/[22m[2massets/[22m[36mpreview-1a5Dr5yJ.js                [39m[1m[2m  0.88 kB[22m[1m[22m[2m │ gzip:   0.56 kB[22m
[2m../../../../../var/folders/3q/9fwmthss6c574dwb57ty4rv80000gn/T/chromatic--53502-qpuJA4Pk0CuH/[22m[2massets/[22m[36mHeader.stories-BJ2Oh8MF.js         [39m[1m[2m  0.89 kB[22m[1m[22m[2m │ gzip:   0.47 kB[22m
[2m../../../../../var/folders/3q/9fwmthss6c574dwb57ty4rv80000gn/T/chromatic--53502-qpuJA4Pk0CuH/[22m[2massets/[22m[36mjsx-runtime-CkxqCPlQ.js            [39m[1m[2m  0.92 kB[22m[1m[22m[2m │ gzip:   0.58 kB[22m
[2m../../../../../var/folders/3q/9fwmthss6c574dwb57ty4rv80000gn/T/chromatic--53502-qpuJA4Pk0CuH/[22m[2massets/[22m[36mButton-DNnmCzeJ.js                 [39m[1m[2m  1.23 kB[22m[1m[22m[2m │ gzip:   0.60 kB[22m
[2m../../../../../var/folders/3q/9fwmthss6c574dwb57ty4rv80000gn/T/chromatic--53502-qpuJA4Pk0CuH/[22m[2massets/[22m[36mDocsRenderer-CFRXHY34-Cp_clbcl.js  [39m[1m[2m  1.38 kB[22m[1m[22m[2m │ gzip:   0.73 kB[22m
[2m../../../../../var/folders/3q/9fwmthss6c574dwb57ty4rv80000gn/T/chromatic--53502-qpuJA4Pk0CuH/[22m[2massets/[22m[36mButton.stories-Uz9BDH7U.js         [39m[1m[2m  1.52 kB[22m[1m[22m[2m │ gzip:   0.57 kB[22m
[2m../../../../../var/folders/3q/9fwmthss6c574dwb57ty4rv80000gn/T/chromatic--53502-qpuJA4Pk0CuH/[22m[2massets/[22m[36mindex-CPombH3_.js                  [39m[1m[2m  1.76 kB[22m[1m[22m[2m │ gzip:   0.89 kB[22m
[2m../../../../../var/folders/3q/9fwmthss6c574dwb57ty4rv80000gn/T/chromatic--53502-qpuJA4Pk0CuH/[22m[2massets/[22m[36mHeader-BUMB-jOs.js                 [39m[1m[2m  1.80 kB[22m[1m[22m[2m │ gzip:   0.79 kB[22m
[2m../../../../../var/folders/3q/9fwmthss6c574dwb57ty4rv80000gn/T/chromatic--53502-qpuJA4Pk0CuH/[22m[2massets/[22m[36mindex-D-8MO0q_.js                  [39m[1m[2m  2.58 kB[22m[1m[22m[2m │ gzip:   1.26 kB[22m
[2m../../../../../var/folders/3q/9fwmthss6c574dwb57ty4rv80000gn/T/chromatic--53502-qpuJA4Pk0CuH/[22m[2massets/[22m[36mpreview-aVwhiz9X.js                [39m[1m[2m  3.50 kB[22m[1m[22m[2m │ gzip:   1.69 kB[22m
[2m../../../../../var/folders/3q/9fwmthss6c574dwb57ty4rv80000gn/T/chromatic--53502-qpuJA4Pk0CuH/[22m[2massets/[22m[36mPage.stories-DC32AlDM.js           [39m[1m[2m  3.59 kB[22m[1m[22m[2m │ gzip:   1.55 kB[22m
[2m../../../../../var/folders/3q/9fwmthss6c574dwb57ty4rv80000gn/T/chromatic--53502-qpuJA4Pk0CuH/[22m[2massets/[22m[36miframe-D4bAHbaE.js                 [39m[1m[2m  4.64 kB[22m[1m[22m[2m │ gzip:   1.89 kB[22m
[2m../../../../../var/folders/3q/9fwmthss6c574dwb57ty4rv80000gn/T/chromatic--53502-qpuJA4Pk0CuH/[22m[2massets/[22m[36mpreview-D77C14du.js                [39m[1m[2m  5.03 kB[22m[1m[22m[2m │ gzip:   1.86 kB[22m
[2m../../../../../var/folders/3q/9fwmthss6c574dwb57ty4rv80000gn/T/chromatic--53502-qpuJA4Pk0CuH/[22m[2massets/[22m[36mindex-DJO9vBfz.js                  [39m[1m[2m  6.96 kB[22m[1m[22m[2m │ gzip:   2.78 kB[22m
[2m../../../../../var/folders/3q/9fwmthss6c574dwb57ty4rv80000gn/T/chromatic--53502-qpuJA4Pk0CuH/[22m[2massets/[22m[36mpreview-BWzBA1C2.js                [39m[1m[2m  7.62 kB[22m[1m[22m[2m │ gzip:   1.56 kB[22m
[2m../../../../../var/folders/3q/9fwmthss6c574dwb57ty4rv80000gn/T/chromatic--53502-qpuJA4Pk0CuH/[22m[2massets/[22m[36mpreview-CFgKly6U.js                [39m[1m[2m  8.12 kB[22m[1m[22m[2m │ gzip:   3.10 kB[22m
[2m../../../../../var/folders/3q/9fwmthss6c574dwb57ty4rv80000gn/T/chromatic--53502-qpuJA4Pk0CuH/[22m[2massets/[22m[36mConfigure-B1Me_zE3.js              [39m[1m[2m 25.90 kB[22m[1m[22m[2m │ gzip:  11.02 kB[22m
[2m../../../../../var/folders/3q/9fwmthss6c574dwb57ty4rv80000gn/T/chromatic--53502-qpuJA4Pk0CuH/[22m[2massets/[22m[36mColor-ERTF36HU-CmfFXIcI.js         [39m[1m[2m 30.89 kB[22m[1m[22m[2m │ gzip:  11.70 kB[22m
[2m../../../../../var/folders/3q/9fwmthss6c574dwb57ty4rv80000gn/T/chromatic--53502-qpuJA4Pk0CuH/[22m[2massets/[22m[36mentry-preview-DDvkVy9O.js          [39m[1m[2m 38.38 kB[22m[1m[22m[2m │ gzip:  13.68 kB[22m
[2m../../../../../var/folders/3q/9fwmthss6c574dwb57ty4rv80000gn/T/chromatic--53502-qpuJA4Pk0CuH/[22m[2massets/[22m[36mindex-CvTBScqg.js                  [39m[1m[2m 75.13 kB[22m[1m[22m[2m │ gzip:  22.72 kB[22m
[2m../../../../../var/folders/3q/9fwmthss6c574dwb57ty4rv80000gn/T/chromatic--53502-qpuJA4Pk0CuH/[22m[2massets/[22m[36mindex-Cp9I2zMD.js                  [39m[1m[2m133.96 kB[22m[1m[22m[2m │ gzip:  43.14 kB[22m
[2m../../../../../var/folders/3q/9fwmthss6c574dwb57ty4rv80000gn/T/chromatic--53502-qpuJA4Pk0CuH/[22m[2massets/[22m[36mentry-preview-docs-CZOQtJ7v.js     [39m[1m[2m355.72 kB[22m[1m[22m[2m │ gzip: 107.19 kB[22m
[2m../../../../../var/folders/3q/9fwmthss6c574dwb57ty4rv80000gn/T/chromatic--53502-qpuJA4Pk0CuH/[22m[2massets/[22m[36mindex-DcZGqPg1.js                  [39m[1m[33m545.18 kB[39m[22m[2m │ gzip: 144.63 kB[22m
[2m../../../../../var/folders/3q/9fwmthss6c574dwb57ty4rv80000gn/T/chromatic--53502-qpuJA4Pk0CuH/[22m[2massets/[22m[36mindex-CezjaP2R.js                  [39m[1m[33m899.45 kB[39m[22m[2m │ gzip: 284.66 kB[22m
[32m✓ built in 3.26s[39m
info => Preview built (3.71 s)
info => Output directory: /var/folders/3q/9fwmthss6c574dwb57ty4rv80000gn/T/chromatic--53502-qpuJA4Pk0CuH
